<?xml version="1.0" encoding="UTF-8"?>
<!-- Generated by org.testng.reporters.JUnitXMLReporter -->
<testsuite ignored="6" hostname="DESKTOP-RNENIC8" failures="0" tests="1" name="Default test" time="17.052" errors="0" timestamp="2025-01-06T19:59:16 AST">
  <testcase classname="abdullah_web.Test_web_site" name="Switch_To_Alert_Example" time="2.597"/>
  <testcase classname="abdullah_web.Test_web_site" name="second" time="0.0">
    <ignored/>
  </testcase> <!-- second -->
  <testcase classname="abdullah_web.Test_web_site" name="forth" time="0.0">
    <ignored/>
  </testcase> <!-- forth -->
  <testcase classname="abdullah_web.Test_web_site" name="first" time="0.0">
    <ignored/>
  </testcase> <!-- first -->
  <testcase classname="abdullah_web.Test_web_site" name="sexth" time="0.0">
    <ignored/>
  </testcase> <!-- sexth -->
  <testcase classname="abdullah_web.Test_web_site" name="fifth" time="0.0">
    <ignored/>
  </testcase> <!-- fifth -->
  <testcase classname="abdullah_web.Test_web_site" name="therd" time="0.0">
    <ignored/>
  </testcase> <!-- therd -->
</testsuite> <!-- Default test -->
