<?xml version="1.0" encoding="UTF-8"?>
<testng-results ignored="6" total="7" passed="1" failed="0" skipped="0">
  <reporter-output>
  </reporter-output>
  <suite started-at="2025-01-06T19:58:59 AST" name="Default suite" finished-at="2025-01-06T19:59:16 AST" duration-ms="17052">
    <groups>
    </groups>
    <test started-at="2025-01-06T19:58:59 AST" name="Default test" finished-at="2025-01-06T19:59:16 AST" duration-ms="17052">
      <class name="abdullah_web.Test_web_site">
        <test-method is-config="true" signature="web_site()[pri:0, instance:abdullah_web.Test_web_site@ff684e1]" started-at="2025-01-06T19:58:59 AST" name="web_site" finished-at="2025-01-06T19:59:14 AST" duration-ms="14394" status="PASS">
          <reporter-output>
          </reporter-output>
        </test-method> <!-- web_site -->
        <test-method signature="Switch_To_Alert_Example()[pri:7, instance:abdullah_web.Test_web_site@ff684e1]" started-at="2025-01-06T19:59:14 AST" name="Switch_To_Alert_Example" description="Alert and confirm" finished-at="2025-01-06T19:59:16 AST" duration-ms="2597" status="PASS">
          <reporter-output>
          </reporter-output>
        </test-method> <!-- Switch_To_Alert_Example -->
        <test-method is-config="true" signature="after()[pri:0, instance:abdullah_web.Test_web_site@ff684e1]" started-at="2025-01-06T19:59:16 AST" name="after" finished-at="2025-01-06T19:59:16 AST" duration-ms="1" status="PASS">
          <reporter-output>
          </reporter-output>
        </test-method> <!-- after -->
      </class> <!-- abdullah_web.Test_web_site -->
    </test> <!-- Default test -->
  </suite> <!-- Default suite -->
</testng-results>
